preparing model
_________________________________________________________________
Layer (type)                 Output Shape              Param #   
=================================================================
input_1 (InputLayer)         (None, 42)                0         
_________________________________________________________________
dense_1 (Dense)              (None, 32)                1376      
_________________________________________________________________
dense_2 (Dense)              (None, 16)                528       
_________________________________________________________________
dense_3 (Dense)              (None, 8)                 136       
_________________________________________________________________
pred (Dense)                 (None, 3)                 27        
=================================================================
Total params: 2,067
Trainable params: 2,067
Non-trainable params: 0
_________________________________________________________________
try load weight
load weight success
preparing data
prepare data complete
---
train cost:  [2.9640942, 0.44296485]
train cost:  [1.0139666, 0.59532243]
train cost:  [0.96437031, 0.59754556]
train cost:  [0.94725531, 0.596434]
train cost:  [0.94614768, 0.59809011]
train cost:  [0.93887812, 0.59852803]
train cost:  [0.94270939, 0.59804523]
train cost:  [0.93604422, 0.59841573]
train cost:  [0.93679816, 0.59886485]
train cost:  [0.93377703, 0.5990501]
train cost:  [0.93188846, 0.59902763]
train cost:  [0.93197697, 0.59902203]
train cost:  [0.93323046, 0.59922415]
train cost:  [0.93385953, 0.59901643]
train cost:  [0.93105578, 0.59925222]
train cost:  [0.93103874, 0.59942627]
train cost:  [0.92910701, 0.59947115]
train cost:  [0.9307133, 0.59924662]
train cost:  [0.9280079, 0.59943748]
train cost:  [0.92906141, 0.59963959]
train cost:  [0.92872846, 0.59972382]
train cost:  [0.92797983, 0.60000449]
train cost:  [0.92801732, 0.60018975]
train cost:  [0.92759228, 0.59998202]
train cost:  [0.92671353, 0.60006064]
train cost:  [0.92716581, 0.60002697]
train cost:  [0.92782903, 0.59896588]
train cost:  [0.92585146, 0.60058832]
train cost:  [0.92814004, 0.59994274]
train cost:  [0.92673546, 0.60044241]
train cost:  [0.92687172, 0.59986413]
train cost:  [0.92736369, 0.600622]
train cost:  [0.92701137, 0.59990346]
train cost:  [0.92630696, 0.60045362]
train cost:  [0.9259311, 0.60043114]
train cost:  [0.92491567, 0.60084659]
train cost:  [0.92736304, 0.60006064]
train cost:  [0.9260512, 0.60082412]
train cost:  [0.92503929, 0.60105431]
train cost:  [0.92549181, 0.60116094]
train cost:  [0.92523134, 0.60118902]
train cost:  [0.92520022, 0.60120589]
train cost:  [0.92586923, 0.60111046]
train cost:  [0.92434365, 0.60102624]
train cost:  [0.92622924, 0.60141921]
train cost:  [0.92654431, 0.60111606]
train cost:  [0.92418629, 0.60073429]
train cost:  [0.92417407, 0.60144168]
train cost:  [0.92532611, 0.60101503]
train cost:  [0.92376667, 0.6017673]
train cost:  [0.92426938, 0.60068941]
train cost:  [0.92623723, 0.60111606]
train cost:  [0.92364067, 0.60091394]
train cost:  [0.92993498, 0.60139674]
train cost:  [0.92383838, 0.60161573]
train cost:  [0.92765027, 0.60103744]
train cost:  [0.92478812, 0.60141361]
train cost:  [0.92399901, 0.60144168]
train cost:  [0.92368025, 0.60158765]
train cost:  [0.92358357, 0.60109919]
train cost:  [0.927288, 0.60084659]
train cost:  [0.92212963, 0.6018852]
train cost:  [0.92399102, 0.60084099]
train cost:  [0.92345285, 0.60185713]
train cost:  [0.92330515, 0.60144168]
train cost:  [0.92448848, 0.60123396]
train cost:  [0.92267603, 0.60187393]
train cost:  [0.92475635, 0.60059398]
train cost:  [0.92425323, 0.60144728]
train cost:  [0.9226383, 0.60208166]
train cost:  [0.92161357, 0.60204798]
train cost:  [0.92156911, 0.60214901]
train cost:  [0.9234677, 0.60169989]
train cost:  [0.92371404, 0.60196376]
train cost:  [0.92533654, 0.60187393]
train cost:  [0.92346001, 0.60131252]
train cost:  [0.92219222, 0.6020087]
train cost:  [0.92372561, 0.60125077]
train cost:  [0.92506719, 0.60089147]
train cost:  [0.92165852, 0.60184026]
train cost:  [0.92339045, 0.60159326]
train cost:  [0.92219204, 0.60154831]
train cost:  [0.92172605, 0.60198063]
train cost:  [0.92293298, 0.60165501]
train cost:  [0.92389357, 0.60168308]
train cost:  [0.92184615, 0.60191888]
train cost:  [0.92173404, 0.60245216]
train cost:  [0.92228764, 0.60244656]
train cost:  [0.92315751, 0.60137993]
train cost:  [0.92609537, 0.60149217]
train cost:  [0.92282331, 0.60198063]
train cost:  [0.92271489, 0.60214341]
train cost:  [0.92123854, 0.60200304]
train cost:  [0.92112011, 0.60254765]
train cost:  [0.92177659, 0.60254765]
train cost:  [0.92348176, 0.60149217]
train cost:  [0.92307961, 0.60210413]
train cost:  [0.92127424, 0.60219955]
train cost:  [0.92202234, 0.60227817]
train cost:  [0.92111796, 0.6027329]
train cost:  [0.92408079, 0.60165501]
